{
  "stats": {
    "suites": 1,
    "tests": 1,
    "passes": 0,
    "pending": 0,
    "failures": 1,
    "start": "2026-04-21T08:59:15.781Z",
    "end": "2026-04-21T08:59:28.013Z",
    "duration": 12232,
    "testsRegistered": 1,
    "passPercent": 0,
    "pendingPercent": 0,
    "other": 0,
    "hasOther": false,
    "skipped": 0,
    "hasSkipped": false
  },
  "results": [
    {
      "uuid": "84735aab-64fa-4b86-870e-c347581efd29",
      "title": "",
      "fullFile": "cypress\\e2e\\mockingPrice.cy.js",
      "file": "cypress\\e2e\\mockingPrice.cy.js",
      "beforeHooks": [],
      "afterHooks": [],
      "tests": [],
      "suites": [
        {
          "uuid": "ab63667e-05b7-4b0d-bbd5-42a8961ee826",
          "title": "Mocking de Cambio de Precio en Tiempo Real",
          "fullFile": "",
          "file": "",
          "beforeHooks": [],
          "afterHooks": [],
          "tests": [
            {
              "title": "Actualiza el precio del producto cuando el backend envía un cambio de precio",
              "fullTitle": "Mocking de Cambio de Precio en Tiempo Real Actualiza el precio del producto cuando el backend envía un cambio de precio",
              "timedOut": null,
              "duration": 12149,
              "state": "failed",
              "speed": null,
              "pass": false,
              "fail": true,
              "pending": false,
              "context": null,
              "code": "const productId = '01KPD3V4CZ2BNHDNWNVWZ82ST0'; // Combination Pliers (ID)\nlet requestCount = 0;\n// Intercepto la llamada GET del producto\ncy.intercept('GET', `**/products/${productId}`, req => {\n  requestCount++;\n  if (requestCount === 1) {\n    // Primera visita: precio normal\n    req.reply(res => {\n      res.body.price = 14.15;\n    });\n  } else {\n    // Segunda visita (recarga): precio nuevo\n    req.reply(res => {\n      res.body.price = 9.99;\n    });\n  }\n}).as('getProduct');\n// Primera carga: precio normal\ncy.visit(`/product/${productId}`);\ncy.wait('@getProduct');\ncy.get('[data-test=\"unit-price\"]').should('contain', '14.15');\ncy.log('💰 Precio normal mostrado: $14.15');\n// Simulacion de recarga \ncy.reload();\ncy.wait('@getProduct');\n// Verificamos que el precio se actualizó tras la recarga\ncy.get('[data-test=\"unit-price\"]').should('contain', '9.99');\ncy.log(' La UI actualizó el precio tras una nueva respuesta del backend');",
              "err": {
                "message": "AssertionError: Timed out retrying after 10000ms: Expected to find element: `[data-test=\"unit-price\"]`, but never found it.",
                "estack": "AssertionError: Timed out retrying after 10000ms: Expected to find element: `[data-test=\"unit-price\"]`, but never found it.\n    at Context.eval (webpack://ptec-cypress/./cypress/e2e/mockingPrice.cy.js:28:39)",
                "diff": null
              },
              "uuid": "f9eeb5a1-0b7f-45f2-9188-72fa1b7791b2",
              "parentUUID": "ab63667e-05b7-4b0d-bbd5-42a8961ee826",
              "isHook": false,
              "skipped": false
            }
          ],
          "suites": [],
          "passes": [],
          "failures": [
            "f9eeb5a1-0b7f-45f2-9188-72fa1b7791b2"
          ],
          "pending": [],
          "skipped": [],
          "duration": 12149,
          "root": false,
          "rootEmpty": false,
          "_timeout": 2000
        }
      ],
      "passes": [],
      "failures": [],
      "pending": [],
      "skipped": [],
      "duration": 0,
      "root": true,
      "rootEmpty": true,
      "_timeout": 2000
    }
  ],
  "meta": {
    "mocha": {
      "version": "7.2.0"
    },
    "mochawesome": {
      "options": {
        "quiet": false,
        "reportFilename": "mochawesome",
        "saveHtml": false,
        "saveJson": true,
        "consoleReporter": "spec",
        "useInlineDiffs": false,
        "code": true
      },
      "version": "7.1.4"
    },
    "marge": {
      "options": {
        "reportDir": "cypress/reports",
        "overwrite": false,
        "html": false,
        "json": true
      },
      "version": "6.3.2"
    }
  }
}