{
  "stats": {
    "suites": 4,
    "tests": 4,
    "passes": 4,
    "pending": 0,
    "failures": 0,
    "start": "2026-04-29T13:39:47.372Z",
    "end": "2026-04-29T13:40:08.517Z",
    "duration": 21145,
    "testsRegistered": 4,
    "passPercent": 100,
    "pendingPercent": 0,
    "other": 0,
    "hasOther": false,
    "skipped": 0,
    "hasSkipped": false
  },
  "results": [
    {
      "uuid": "4e176c6d-a9e5-47e9-a7f7-3e313013268e",
      "title": "",
      "fullFile": "cypress\\e2e\\security\\sensitive-data-exposure.cy.js",
      "file": "cypress\\e2e\\security\\sensitive-data-exposure.cy.js",
      "beforeHooks": [],
      "afterHooks": [],
      "tests": [],
      "suites": [
        {
          "uuid": "493f1c16-9d63-492e-ac65-ee87f02d0a93",
          "title": "Exposición de Datos Sensibles en URLs",
          "fullFile": "",
          "file": "",
          "beforeHooks": [],
          "afterHooks": [],
          "tests": [],
          "suites": [
            {
              "uuid": "7520f788-7abb-472e-a5d2-d9232deeb60e",
              "title": "Con credenciales inválidas",
              "fullFile": "",
              "file": "",
              "beforeHooks": [],
              "afterHooks": [],
              "tests": [
                {
                  "title": "No debe exponer datos sensibles en ninguna URL del flujo de error",
                  "fullTitle": "Exposición de Datos Sensibles en URLs Con credenciales inválidas No debe exponer datos sensibles en ninguna URL del flujo de error",
                  "timedOut": null,
                  "duration": 6156,
                  "state": "passed",
                  "speed": "medium",
                  "pass": true,
                  "fail": false,
                  "pending": false,
                  "context": null,
                  "code": "const interceptedUrls = [];\ncy.intercept('**/*', req => {\n  interceptedUrls.push(req.url);\n}).as('allRequests');\ncy.visit('/');\ncy.get('[data-test=\"nav-sign-in\"]').click();\ncy.get('[data-test=\"email\"]').type(credentials.invalidUser.email);\ncy.get('[data-test=\"password\"]').type(credentials.invalidUser.password);\ncy.get('[data-test=\"login-submit\"]').click();\ncy.contains('Invalid email or password', {\n  timeout: 5000\n}).should('be.visible');\ncy.url().then(url => assertNoSensitiveDataInUrl(url, 'Browser URL post-error'));\ncy.then(() => interceptedUrls.forEach(url => assertNoSensitiveDataInUrl(url, 'Network request')));",
                  "err": {},
                  "uuid": "a65eff6d-33d8-4a59-b82f-289e997d8d58",
                  "parentUUID": "7520f788-7abb-472e-a5d2-d9232deeb60e",
                  "isHook": false,
                  "skipped": false
                }
              ],
              "suites": [],
              "passes": [
                "a65eff6d-33d8-4a59-b82f-289e997d8d58"
              ],
              "failures": [],
              "pending": [],
              "skipped": [],
              "duration": 6156,
              "root": false,
              "rootEmpty": false,
              "_timeout": 2000
            },
            {
              "uuid": "23e9d3da-520a-4c3a-aafc-a8c85de30173",
              "title": "Con credenciales válidas",
              "fullFile": "",
              "file": "",
              "beforeHooks": [],
              "afterHooks": [],
              "tests": [
                {
                  "title": "No debe exponer el token de sesión real en ninguna URL",
                  "fullTitle": "Exposición de Datos Sensibles en URLs Con credenciales válidas No debe exponer el token de sesión real en ninguna URL",
                  "timedOut": null,
                  "duration": 4674,
                  "state": "passed",
                  "speed": "fast",
                  "pass": true,
                  "fail": false,
                  "pending": false,
                  "context": null,
                  "code": "const interceptedRequests = [];\ncy.intercept('**/*', req => {\n  interceptedRequests.push({\n    url: req.url,\n    method: req.method\n  });\n}).as('allRequests');\ncy.visit('/');\ncy.get('[data-test=\"nav-sign-in\"]').click();\ncy.get('[data-test=\"email\"]').type(credentials.validUser.email);\ncy.get('[data-test=\"password\"]').type(credentials.validUser.password);\ncy.get('[data-test=\"login-submit\"]').click();\n// Verificación de login exitoso\ncy.get('[data-test=\"nav-sign-in\"]', {\n  timeout: 8000\n}).should('not.exist');\n// Verifica URL del browser post-login\ncy.url().then(url => {\n  assertNoSensitiveDataInUrl(url, 'Browser URL post-login');\n});\n// Verifica todas las requests de red\ncy.then(() => {\n  interceptedRequests.forEach(({\n    url,\n    method\n  }) => {\n    assertNoSensitiveDataInUrl(url, `${method} request`);\n  });\n  cy.log(` ${interceptedRequests.length} requests verificadas (credenciales válidas)`);\n});",
                  "err": {},
                  "uuid": "aa798a9b-2c94-46bc-801d-e9923cb5b3b0",
                  "parentUUID": "23e9d3da-520a-4c3a-aafc-a8c85de30173",
                  "isHook": false,
                  "skipped": false
                },
                {
                  "title": "El token no debe aparecer al navegar hacia atrás en el historial",
                  "fullTitle": "Exposición de Datos Sensibles en URLs Con credenciales válidas El token no debe aparecer al navegar hacia atrás en el historial",
                  "timedOut": null,
                  "duration": 5417,
                  "state": "passed",
                  "speed": "medium",
                  "pass": true,
                  "fail": false,
                  "pending": false,
                  "context": null,
                  "code": "cy.visit('/');\ncy.get('[data-test=\"nav-sign-in\"]').click();\ncy.get('[data-test=\"email\"]').type(credentials.validUser.email);\ncy.get('[data-test=\"password\"]').type(credentials.validUser.password);\ncy.get('[data-test=\"login-submit\"]').click();\ncy.get('[data-test=\"nav-sign-in\"]', {\n  timeout: 8000\n}).should('not.exist');\ncy.go('back');\ncy.url().then(url => {\n  assertNoSensitiveDataInUrl(url, 'URL al navegar hacia atrás');\n});",
                  "err": {},
                  "uuid": "cdc0dd7f-26cf-453b-95e3-78a5e6c6d2bf",
                  "parentUUID": "23e9d3da-520a-4c3a-aafc-a8c85de30173",
                  "isHook": false,
                  "skipped": false
                }
              ],
              "suites": [],
              "passes": [
                "aa798a9b-2c94-46bc-801d-e9923cb5b3b0",
                "cdc0dd7f-26cf-453b-95e3-78a5e6c6d2bf"
              ],
              "failures": [],
              "pending": [],
              "skipped": [],
              "duration": 10091,
              "root": false,
              "rootEmpty": false,
              "_timeout": 2000
            },
            {
              "uuid": "7105d524-3b3d-4dbb-ac83-9c6f48a99f18",
              "title": "Headers de respuesta",
              "fullFile": "",
              "file": "",
              "beforeHooks": [],
              "afterHooks": [],
              "tests": [
                {
                  "title": "La respuesta de login no debe devolver token en headers inseguros",
                  "fullTitle": "Exposición de Datos Sensibles en URLs Headers de respuesta La respuesta de login no debe devolver token en headers inseguros",
                  "timedOut": null,
                  "duration": 4352,
                  "state": "passed",
                  "speed": "fast",
                  "pass": true,
                  "fail": false,
                  "pending": false,
                  "context": null,
                  "code": "const DANGEROUS_HEADERS = ['x-token', 'x-auth', 'x-access-token'];\ncy.intercept('POST', '**/users/login', req => {\n  req.continue(res => {\n    DANGEROUS_HEADERS.forEach(header => {\n      expect(res.headers, `Header inseguro encontrado: ${header}`).to.not.have.property(header);\n    });\n  });\n}).as('loginRequest');\ncy.visit('/');\ncy.get('[data-test=\"nav-sign-in\"]').click();\ncy.get('[data-test=\"email\"]').type(credentials.validUser.email);\ncy.get('[data-test=\"password\"]').type(credentials.validUser.password);\ncy.get('[data-test=\"login-submit\"]').click();\ncy.wait('@loginRequest');\ncy.log(' Headers de respuesta verificados');",
                  "err": {},
                  "uuid": "2a210ad1-5a15-45e4-89f3-34e46f7a597c",
                  "parentUUID": "7105d524-3b3d-4dbb-ac83-9c6f48a99f18",
                  "isHook": false,
                  "skipped": false
                }
              ],
              "suites": [],
              "passes": [
                "2a210ad1-5a15-45e4-89f3-34e46f7a597c"
              ],
              "failures": [],
              "pending": [],
              "skipped": [],
              "duration": 4352,
              "root": false,
              "rootEmpty": false,
              "_timeout": 2000
            }
          ],
          "passes": [],
          "failures": [],
          "pending": [],
          "skipped": [],
          "duration": 0,
          "root": false,
          "rootEmpty": false,
          "_timeout": 2000
        }
      ],
      "passes": [],
      "failures": [],
      "pending": [],
      "skipped": [],
      "duration": 0,
      "root": true,
      "rootEmpty": true,
      "_timeout": 2000
    }
  ],
  "meta": {
    "mocha": {
      "version": "7.2.0"
    },
    "mochawesome": {
      "options": {
        "quiet": false,
        "reportFilename": "mochawesome",
        "saveHtml": false,
        "saveJson": true,
        "consoleReporter": "spec",
        "useInlineDiffs": false,
        "code": true
      },
      "version": "7.1.4"
    },
    "marge": {
      "options": {
        "reportDir": "cypress/reports",
        "overwrite": true,
        "html": false,
        "json": true
      },
      "version": "6.3.2"
    }
  }
}