{
  "stats": {
    "suites": 1,
    "tests": 1,
    "passes": 1,
    "pending": 0,
    "failures": 0,
    "start": "2026-04-21T09:00:21.706Z",
    "end": "2026-04-21T09:00:23.357Z",
    "duration": 1651,
    "testsRegistered": 1,
    "passPercent": 100,
    "pendingPercent": 0,
    "other": 0,
    "hasOther": false,
    "skipped": 0,
    "hasSkipped": false
  },
  "results": [
    {
      "uuid": "47ff78e9-42f3-4960-b668-6b127fb9e080",
      "title": "",
      "fullFile": "cypress\\e2e\\resilience\\api-down.cy.js",
      "file": "cypress\\e2e\\resilience\\api-down.cy.js",
      "beforeHooks": [],
      "afterHooks": [],
      "tests": [],
      "suites": [
        {
          "uuid": "f667ecd0-c4ec-4555-805f-17b565fa4adf",
          "title": " ante caída de API ",
          "fullFile": "",
          "file": "",
          "beforeHooks": [],
          "afterHooks": [],
          "tests": [
            {
              "title": "Muestra mensaje de error cuando la API de productos no responde",
              "fullTitle": " ante caída de API  Muestra mensaje de error cuando la API de productos no responde",
              "timedOut": null,
              "duration": 1556,
              "state": "passed",
              "speed": "fast",
              "pass": true,
              "fail": false,
              "pending": false,
              "context": null,
              "code": "cy.intercept('GET', '**/products?*', {\n  forceNetworkError: true // Simula pérdida de red\n}).as('networkError');\ncy.visit('/');\ncy.wait('@networkError');\ncy.get('[data-test=\"product-name\"]').should('not.exist');\ncy.log('La UI mostró feedback adecuado ante caída de API');",
              "err": {},
              "uuid": "a4a217b3-6a5d-4bf3-b11b-57a2a34661e8",
              "parentUUID": "f667ecd0-c4ec-4555-805f-17b565fa4adf",
              "isHook": false,
              "skipped": false
            }
          ],
          "suites": [],
          "passes": [
            "a4a217b3-6a5d-4bf3-b11b-57a2a34661e8"
          ],
          "failures": [],
          "pending": [],
          "skipped": [],
          "duration": 1556,
          "root": false,
          "rootEmpty": false,
          "_timeout": 2000
        }
      ],
      "passes": [],
      "failures": [],
      "pending": [],
      "skipped": [],
      "duration": 0,
      "root": true,
      "rootEmpty": true,
      "_timeout": 2000
    }
  ],
  "meta": {
    "mocha": {
      "version": "7.2.0"
    },
    "mochawesome": {
      "options": {
        "quiet": false,
        "reportFilename": "mochawesome",
        "saveHtml": false,
        "saveJson": true,
        "consoleReporter": "spec",
        "useInlineDiffs": false,
        "code": true
      },
      "version": "7.1.4"
    },
    "marge": {
      "options": {
        "reportDir": "cypress/reports",
        "overwrite": false,
        "html": false,
        "json": true
      },
      "version": "6.3.2"
    }
  }
}