{
  "stats": {
    "suites": 1,
    "tests": 1,
    "passes": 0,
    "pending": 0,
    "failures": 1,
    "start": "2026-04-21T09:00:25.516Z",
    "end": "2026-04-21T09:00:25.951Z",
    "duration": 435,
    "testsRegistered": 2,
    "passPercent": 0,
    "pendingPercent": 0,
    "other": 1,
    "hasOther": true,
    "skipped": 1,
    "hasSkipped": true
  },
  "results": [
    {
      "uuid": "c3a2d739-5ead-4dec-8245-87d9e8f159d2",
      "title": "",
      "fullFile": "cypress\\e2e\\security\\headerHTTP.cy.js",
      "file": "cypress\\e2e\\security\\headerHTTP.cy.js",
      "beforeHooks": [],
      "afterHooks": [],
      "tests": [],
      "suites": [
        {
          "uuid": "56ceccff-0f79-4f23-8436-49a6fef33472",
          "title": " Seguridad: Cabeceras HTTP",
          "fullFile": "",
          "file": "",
          "beforeHooks": [],
          "afterHooks": [],
          "tests": [
            {
              "title": "Verifica cabeceras de seguridad en products",
              "fullTitle": " Seguridad: Cabeceras HTTP Verifica cabeceras de seguridad en products",
              "timedOut": null,
              "duration": 148,
              "state": "failed",
              "speed": null,
              "pass": false,
              "fail": true,
              "pending": false,
              "context": null,
              "code": "const fullUrl = `${Cypress.env('API_BASE_URL')}/${endpoint.path}`;\ncy.request({\n  url: fullUrl,\n  failOnStatusCode: false\n}).then(response => {\n  const headers = response.headers;\n  const missingHeaders = [];\n  if (!headers['x-frame-options']) missingHeaders.push('X-Frame-Options');\n  if (!headers['x-content-type-options']) missingHeaders.push('X-Content-Type-Options');\n  if (!headers['content-security-policy']) missingHeaders.push('Content-Security-Policy');\n  if (missingHeaders.length > 0) {\n    cy.task('logSecurityIssue', {\n      endpoint: endpoint.name,\n      missingHeaders\n    });\n    // El test pasa \"verde\" con advertencia en reporte \n    cy.log(` ${missingHeaders.length} cabeceras ausentes - ver reporte`);\n  } else {\n    cy.log(' Todas las cabeceras esperadas presentes');\n  }\n});",
              "err": {
                "message": "CypressError: `cy.task('log')` failed with the following error:\n\nThe 'task' event has not been registered in the setupNodeEvents method. You must register it before using cy.task()\n\nFix this in your setupNodeEvents method here:\nC:\\Users\\PC\\Desktop\\PTec Cypress\\cypress.config.js\n\nhttps://on.cypress.io/api/task\n\nBecause this error occurred during a `after all` hook we are skipping the remaining tests in the current suite: ` Seguridad: Cabeceras HTTP`",
                "estack": "CypressError: `cy.task('log')` failed with the following error:\n\nThe 'task' event has not been registered in the setupNodeEvents method. You must register it before using cy.task()\n\nFix this in your setupNodeEvents method here:\nC:\\Users\\PC\\Desktop\\PTec Cypress\\cypress.config.js\n\nhttps://on.cypress.io/api/task\n\nBecause this error occurred during a `after all` hook we are skipping the remaining tests in the current suite: ` Seguridad: Cabeceras HTTP`\n    at <unknown> (https://practicesoftwaretesting.com/__cypress/runner/cypress_runner.js:138700:72)\n    at tryCatcher (https://practicesoftwaretesting.com/__cypress/runner/cypress_runner.js:1777:23)\n    at Promise._settlePromiseFromHandler (https://practicesoftwaretesting.com/__cypress/runner/cypress_runner.js:1489:31)\n    at Promise._settlePromise (https://practicesoftwaretesting.com/__cypress/runner/cypress_runner.js:1546:18)\n    at Promise._settlePromise0 (https://practicesoftwaretesting.com/__cypress/runner/cypress_runner.js:1591:10)\n    at Promise._settlePromises (https://practicesoftwaretesting.com/__cypress/runner/cypress_runner.js:1667:18)\n    at _drainQueueStep (https://practicesoftwaretesting.com/__cypress/runner/cypress_runner.js:2377:12)\n    at _drainQueue (https://practicesoftwaretesting.com/__cypress/runner/cypress_runner.js:2370:9)\n    at Async._drainQueues (https://practicesoftwaretesting.com/__cypress/runner/cypress_runner.js:2386:5)\n    at Async.drainQueues (https://practicesoftwaretesting.com/__cypress/runner/cypress_runner.js:2256:14)\nFrom Your Spec Code:\n    at Context.eval (webpack://ptec-cypress/./cypress/e2e/security/headerHTTP.cy.js:37:7)",
                "diff": null
              },
              "uuid": "30598af7-61dd-49fe-bb0f-cf00487e02c8",
              "parentUUID": "56ceccff-0f79-4f23-8436-49a6fef33472",
              "isHook": false,
              "skipped": false
            },
            {
              "title": "Verifica cabeceras de seguridad en login",
              "fullTitle": " Seguridad: Cabeceras HTTP Verifica cabeceras de seguridad en login",
              "timedOut": null,
              "duration": 0,
              "state": "skipped",
              "speed": null,
              "pass": false,
              "fail": false,
              "pending": false,
              "context": null,
              "code": "const fullUrl = `${Cypress.env('API_BASE_URL')}/${endpoint.path}`;\ncy.request({\n  url: fullUrl,\n  failOnStatusCode: false\n}).then(response => {\n  const headers = response.headers;\n  const missingHeaders = [];\n  if (!headers['x-frame-options']) missingHeaders.push('X-Frame-Options');\n  if (!headers['x-content-type-options']) missingHeaders.push('X-Content-Type-Options');\n  if (!headers['content-security-policy']) missingHeaders.push('Content-Security-Policy');\n  if (missingHeaders.length > 0) {\n    cy.task('logSecurityIssue', {\n      endpoint: endpoint.name,\n      missingHeaders\n    });\n    // El test pasa \"verde\" con advertencia en reporte \n    cy.log(` ${missingHeaders.length} cabeceras ausentes - ver reporte`);\n  } else {\n    cy.log(' Todas las cabeceras esperadas presentes');\n  }\n});",
              "err": {},
              "uuid": "4c844f98-77e1-453e-b6b1-82e6791537ff",
              "parentUUID": "56ceccff-0f79-4f23-8436-49a6fef33472",
              "isHook": false,
              "skipped": true
            }
          ],
          "suites": [],
          "passes": [],
          "failures": [
            "30598af7-61dd-49fe-bb0f-cf00487e02c8"
          ],
          "pending": [],
          "skipped": [
            "4c844f98-77e1-453e-b6b1-82e6791537ff"
          ],
          "duration": 148,
          "root": false,
          "rootEmpty": false,
          "_timeout": 2000
        }
      ],
      "passes": [],
      "failures": [],
      "pending": [],
      "skipped": [],
      "duration": 0,
      "root": true,
      "rootEmpty": true,
      "_timeout": 2000
    }
  ],
  "meta": {
    "mocha": {
      "version": "7.2.0"
    },
    "mochawesome": {
      "options": {
        "quiet": false,
        "reportFilename": "mochawesome",
        "saveHtml": false,
        "saveJson": true,
        "consoleReporter": "spec",
        "useInlineDiffs": false,
        "code": true
      },
      "version": "7.1.4"
    },
    "marge": {
      "options": {
        "reportDir": "cypress/reports",
        "overwrite": false,
        "html": false,
        "json": true
      },
      "version": "6.3.2"
    }
  }
}