{
  "stats": {
    "suites": 1,
    "tests": 1,
    "passes": 1,
    "pending": 0,
    "failures": 0,
    "start": "2026-04-21T09:00:30.606Z",
    "end": "2026-04-21T09:00:34.632Z",
    "duration": 4026,
    "testsRegistered": 1,
    "passPercent": 100,
    "pendingPercent": 0,
    "other": 0,
    "hasOther": false,
    "skipped": 0,
    "hasSkipped": false
  },
  "results": [
    {
      "uuid": "a9c2a38e-3f03-492e-bdf5-36f5acf05d08",
      "title": "",
      "fullFile": "cypress\\e2e\\security\\pentestingLogin.cy.js",
      "file": "cypress\\e2e\\security\\pentestingLogin.cy.js",
      "beforeHooks": [],
      "afterHooks": [],
      "tests": [],
      "suites": [
        {
          "uuid": "1a30445a-91a7-4ea6-87e9-323368dfc3ad",
          "title": "Pentesting Simulado: Fuerza Bruta y Rate Limiting en Login",
          "fullFile": "",
          "file": "",
          "beforeHooks": [],
          "afterHooks": [],
          "tests": [
            {
              "title": "Verifica que la API no aplica rate limiting evidente en 5 intentos fallidos",
              "fullTitle": "Pentesting Simulado: Fuerza Bruta y Rate Limiting en Login Verifica que la API no aplica rate limiting evidente en 5 intentos fallidos",
              "timedOut": null,
              "duration": 3978,
              "state": "passed",
              "speed": "fast",
              "pass": true,
              "fail": false,
              "pending": false,
              "context": null,
              "code": "const email = 'pentest@example.com';\nconst passwords = ['123456', 'password', 'admin', 'letmein', 'qwerty'];\n// Enviamos 5 intentos de login fallidos secuencialmente\ncy.wrap(passwords).each(pwd => {\n  cy.request({\n    method: 'POST',\n    url: `${Cypress.env('API_BASE_URL')}/users/login`,\n    body: {\n      email,\n      password: pwd\n    },\n    failOnStatusCode: false // No queremos que Cypress falle por el 401\n  }).then(response => {\n    // Esperamos un 401 Unauthorized\n    expect(response.status).to.eq(401);\n    // Verificamos que NO se nos bloquea con un 429 (Too Many Requests)\n    expect(response.status).not.to.eq(429);\n    cy.log(`Intento con contraseña \"${pwd}\" -> Status ${response.status}`);\n  });\n}).then(() => {\n  cy.log(' VULNERABILIDAD DETECTADA: La API permite múltiples intentos de login fallidos sin bloqueo temporal.');\n  cy.log(' (Nota de QA: Este test documenta un comportamiento existente y se recomienda implementar Rate Limiting.)');\n});",
              "err": {},
              "uuid": "cc8043d3-9c90-4f44-a82a-ae9f20567a18",
              "parentUUID": "1a30445a-91a7-4ea6-87e9-323368dfc3ad",
              "isHook": false,
              "skipped": false
            }
          ],
          "suites": [],
          "passes": [
            "cc8043d3-9c90-4f44-a82a-ae9f20567a18"
          ],
          "failures": [],
          "pending": [],
          "skipped": [],
          "duration": 3978,
          "root": false,
          "rootEmpty": false,
          "_timeout": 2000
        }
      ],
      "passes": [],
      "failures": [],
      "pending": [],
      "skipped": [],
      "duration": 0,
      "root": true,
      "rootEmpty": true,
      "_timeout": 2000
    }
  ],
  "meta": {
    "mocha": {
      "version": "7.2.0"
    },
    "mochawesome": {
      "options": {
        "quiet": false,
        "reportFilename": "mochawesome",
        "saveHtml": false,
        "saveJson": true,
        "consoleReporter": "spec",
        "useInlineDiffs": false,
        "code": true
      },
      "version": "7.1.4"
    },
    "marge": {
      "options": {
        "reportDir": "cypress/reports",
        "overwrite": false,
        "html": false,
        "json": true
      },
      "version": "6.3.2"
    }
  }
}