{
  "stats": {
    "suites": 1,
    "tests": 2,
    "passes": 0,
    "pending": 0,
    "failures": 2,
    "start": "2026-04-21T08:59:47.350Z",
    "end": "2026-04-21T09:00:15.115Z",
    "duration": 27765,
    "testsRegistered": 2,
    "passPercent": 0,
    "pendingPercent": 0,
    "other": 0,
    "hasOther": false,
    "skipped": 0,
    "hasSkipped": false
  },
  "results": [
    {
      "uuid": "b53254a6-6725-4ce0-b6ef-c9130acbbec7",
      "title": "",
      "fullFile": "cypress\\e2e\\smoke-test.cy.js",
      "file": "cypress\\e2e\\smoke-test.cy.js",
      "beforeHooks": [],
      "afterHooks": [],
      "tests": [],
      "suites": [
        {
          "uuid": "0cb61983-d035-4253-86ef-6084d0aee743",
          "title": "Prueba e2e:  Crear un usuario desde cero con datos estaticos y dinamicos, realizar una compra , y revisar los datos del perfil",
          "fullFile": "",
          "file": "",
          "beforeHooks": [],
          "afterHooks": [],
          "tests": [
            {
              "title": "Realizar una compra con los datos del usuario creado",
              "fullTitle": "Prueba e2e:  Crear un usuario desde cero con datos estaticos y dinamicos, realizar una compra , y revisar los datos del perfil Realizar una compra con los datos del usuario creado",
              "timedOut": null,
              "duration": 15409,
              "state": "failed",
              "speed": null,
              "pass": false,
              "fail": true,
              "pending": false,
              "context": null,
              "code": "// Verificar el before de registro fue exitoso \ncy.url().should('include', '/auth/login');\n_MenuHeader.MenuHeader.signInButton.should('be.visible');\n// Realizar una búsqueda de un producto \n_HomePage.HomePage.goToHomePage();\n_HomePage.HomePage.searchProduct('plier');\n_HomePage.HomePage.selectFirstProduct();\n_ProductDescription.ProductDescription.addProductToCart();\n_MenuHeader.MenuHeader.cartButton.should('be.visible');\n_MenuHeader.MenuHeader.goToCartPage();\n_Cart.Cart.firstStepCheckout();\n_Cart.Cart.loginDuringCheckout(usuario);\n_Cart.Cart.secondStepCheckout();\n_Cart.Cart.fillShippingAddress(usuario);\n_Cart.Cart.confirmShippingAddress();\n_Cart.Cart.selectPaymentMethod('credit-card');\n_Cart.Cart.fillCreditCardInfo(_cardInfo.default, usuario);\n_Cart.Cart.confirmPayment();\n_Cart.Cart.messagePaymentSuccess.should('be.visible').and('contain', 'Payment was successful');\ncy.log('Compra realizada con éxito para el usuario: ', usuario.email);",
              "err": {
                "message": "AssertionError: Timed out retrying after 10000ms: expected 'https://practicesoftwaretesting.com/auth/register' to include '/auth/login'",
                "estack": "AssertionError: Timed out retrying after 10000ms: expected 'https://practicesoftwaretesting.com/auth/register' to include '/auth/login'\n    at Context.eval (webpack://ptec-cypress/./cypress/e2e/smoke-test.cy.js:25:14)",
                "diff": null
              },
              "uuid": "14154b74-6dfe-412d-a007-0ffae5357e2b",
              "parentUUID": "0cb61983-d035-4253-86ef-6084d0aee743",
              "isHook": false,
              "skipped": false
            },
            {
              "title": "Revisar los datos del perfil coincidan con los datos del usuario creado",
              "fullTitle": "Prueba e2e:  Crear un usuario desde cero con datos estaticos y dinamicos, realizar una compra , y revisar los datos del perfil Revisar los datos del perfil coincidan con los datos del usuario creado",
              "timedOut": null,
              "duration": 12236,
              "state": "failed",
              "speed": null,
              "pass": false,
              "fail": true,
              "pending": false,
              "context": null,
              "code": "cy.visit('/');\n_MenuHeader.MenuHeader.goToSignInPage();\n_SignInPage.SignInPage.login(usuario);\n_MenuHeader.MenuHeader.profileButton.should('be.visible');\n_MenuHeader.MenuHeader.goToProfilePage();\n_Perfil.Perfil.titlePage.should('be.visible');\n_Perfil.Perfil.nameField.should('have.value', usuario.firstName);\n_Perfil.Perfil.lastNameField.should('have.value', usuario.lastName);\n_Perfil.Perfil.emailField.should('have.value', usuario.email);\n_Perfil.Perfil.phoneField.should('have.value', usuario.phone);\n_Perfil.Perfil.streetField.should('have.value', usuario.street);\n_Perfil.Perfil.postalCodeField.should('have.value', usuario.postalCode);\n_Perfil.Perfil.cityField.should('have.value', usuario.city);\n_Perfil.Perfil.stateField.should('have.value', usuario.state);\ncy.log(' Perfil validado correctamente.');",
              "err": {
                "message": "AssertionError: Timed out retrying after 10000ms: Expected to find element: `[data-cy=\"login-submit\"]`, but never found it.",
                "estack": "AssertionError: Timed out retrying after 10000ms: Expected to find element: `[data-cy=\"login-submit\"]`, but never found it.\n    at get loginButton (webpack://ptec-cypress/./cypress/support/pages/SignInPage.js:13:16)\n    at SignInPage.login (webpack://ptec-cypress/./cypress/support/pages/SignInPage.js:108:20)\n    at Context.eval (webpack://ptec-cypress/./cypress/e2e/smoke-test.cy.js:56:20)",
                "diff": null
              },
              "uuid": "8619d681-435b-4803-b61a-b110f5f83472",
              "parentUUID": "0cb61983-d035-4253-86ef-6084d0aee743",
              "isHook": false,
              "skipped": false
            }
          ],
          "suites": [],
          "passes": [],
          "failures": [
            "14154b74-6dfe-412d-a007-0ffae5357e2b",
            "8619d681-435b-4803-b61a-b110f5f83472"
          ],
          "pending": [],
          "skipped": [],
          "duration": 27645,
          "root": false,
          "rootEmpty": false,
          "_timeout": 2000
        }
      ],
      "passes": [],
      "failures": [],
      "pending": [],
      "skipped": [],
      "duration": 0,
      "root": true,
      "rootEmpty": true,
      "_timeout": 2000
    }
  ],
  "meta": {
    "mocha": {
      "version": "7.2.0"
    },
    "mochawesome": {
      "options": {
        "quiet": false,
        "reportFilename": "mochawesome",
        "saveHtml": false,
        "saveJson": true,
        "consoleReporter": "spec",
        "useInlineDiffs": false,
        "code": true
      },
      "version": "7.1.4"
    },
    "marge": {
      "options": {
        "reportDir": "cypress/reports",
        "overwrite": false,
        "html": false,
        "json": true
      },
      "version": "6.3.2"
    }
  }
}